  basic_io_arm.cpp
c1xx : warning C4117: macro name '__cplusplus' is reserved, '#define' ignored
c:\users\alsaibie\documents\0a academic\rescue robot\2014\software\scorpio\visual micro\.scorpio.vsarduino.h(14): warning C4005: 'ARDUINO_MAIN' : macro redefinition
          command-line arguments :  see previous definition of 'ARDUINO_MAIN'
c:\users\alsaibie\documents\0a academic\rescue robot\2014\software\scorpio\visual micro\.scorpio.vsarduino.h(15): warning C4005: '__AVR__' : macro redefinition
          command-line arguments :  see previous definition of '__AVR__'
c:\users\alsaibie\documents\0a academic\rescue robot\2014\software\scorpio\visual micro\.scorpio.vsarduino.h(16): warning C4005: '__avr__' : macro redefinition
          command-line arguments :  see previous definition of '__avr__'
c:\users\alsaibie\documents\0a academic\rescue robot\2014\software\scorpio\visual micro\.scorpio.vsarduino.h(18): warning C4005: 'USB_SERIAL' : macro redefinition
          command-line arguments :  see previous definition of 'USB_SERIAL'
c:\users\alsaibie\documents\0a academic\rescue robot\2014\software\scorpio\visual micro\.scorpio.vsarduino.h(19): warning C4005: 'LAYOUT_US_ENGLISH' : macro redefinition
          command-line arguments :  see previous definition of 'LAYOUT_US_ENGLISH'
c:\users\alsaibie\documents\0a academic\rescue robot\2014\software\scorpio\visual micro\.scorpio.vsarduino.h(20): warning C4117: macro name '__cplusplus' is reserved, '#define' ignored
c:\users\alsaibie\documents\0a academic\rescue robot\2014\software\scorpio\visual micro\.scorpio.vsarduino.h(21): warning C4005: '__MK20DX256__' : macro redefinition
          command-line arguments :  see previous definition of '__MK20DX256__'
c:\program files (x86)\arduino\hardware\tools\arm-none-eabi\lib\gcc\arm-none-eabi\4.7.2\include\stddef.h(213): error C2371: 'size_t' : redefinition; different basic types
          c:\users\alsaibie\documents\0a academic\rescue robot\2014\software\scorpio\predefined c++ types (compiler internal)(19) : see declaration of 'size_t'
c:\program files (x86)\arduino\hardware\tools\arm-none-eabi\arm-none-eabi\include\sys\_types.h(80): error C4980: '__value' : use of this keyword requires /clr:oldSyntax command line option
c:\program files (x86)\arduino\hardware\tools\arm-none-eabi\arm-none-eabi\include\sys\_types.h(80): error C2059: syntax error : '__value'
c:\program files (x86)\arduino\hardware\tools\arm-none-eabi\arm-none-eabi\include\sys\reent.h(195): error C2061: syntax error : identifier '_read'
c:\program files (x86)\arduino\hardware\tools\arm-none-eabi\arm-none-eabi\include\sys\reent.h(197): error C2061: syntax error : identifier '_write'
c:\program files (x86)\arduino\hardware\tools\arm-none-eabi\arm-none-eabi\include\sys\reent.h(198): error C2535: 'int __sFILE::_EXFNPTR(void)' : member function already defined or declared
          c:\program files (x86)\arduino\hardware\tools\arm-none-eabi\arm-none-eabi\include\sys\reent.h(195) : see declaration of '__sFILE::_EXFNPTR'
c:\program files (x86)\arduino\hardware\tools\arm-none-eabi\arm-none-eabi\include\sys\reent.h(199): error C2061: syntax error : identifier '_seek'
c:\program files (x86)\arduino\hardware\tools\arm-none-eabi\arm-none-eabi\include\sys\reent.h(199): error C2556: '_fpos_t __sFILE::_EXFNPTR(void)' : overloaded function differs only by return type from 'int __sFILE::_EXFNPTR(void)'
          c:\program files (x86)\arduino\hardware\tools\arm-none-eabi\arm-none-eabi\include\sys\reent.h(195) : see declaration of '__sFILE::_EXFNPTR'
c:\program files (x86)\arduino\hardware\tools\arm-none-eabi\arm-none-eabi\include\sys\reent.h(199): error C2371: '__sFILE::_EXFNPTR' : redefinition; different basic types
          c:\program files (x86)\arduino\hardware\tools\arm-none-eabi\arm-none-eabi\include\sys\reent.h(195) : see declaration of '__sFILE::_EXFNPTR'
c:\program files (x86)\arduino\hardware\tools\arm-none-eabi\arm-none-eabi\include\sys\reent.h(200): error C2061: syntax error : identifier '_close'
c:\program files (x86)\arduino\hardware\tools\arm-none-eabi\arm-none-eabi\include\sys\reent.h(618): error C2061: syntax error : identifier '__cleanup'
c:\program files (x86)\arduino\hardware\tools\arm-none-eabi\arm-none-eabi\include\stdlib.h(74): error C2733: 'atexit' : second C linkage of overloaded function not allowed
          c:\users\alsaibie\documents\0a academic\rescue robot\2014\software\scorpio\predefined c++ types (compiler internal)(33) : see declaration of 'atexit'
c:\program files (x86)\arduino\hardware\teensy\cores\teensy3\core_pins.h(456): error C3861: '__builtin_constant_p': identifier not found
c:\program files (x86)\arduino\hardware\teensy\cores\teensy3\core_pins.h(611): error C3861: '__builtin_constant_p': identifier not found
c:\program files (x86)\arduino\hardware\teensy\cores\teensy3\core_pins.h(723): error C3861: '__builtin_constant_p': identifier not found
c:\program files (x86)\arduino\hardware\teensy\cores\teensy3\core_pins.h(741): error C3861: '__builtin_constant_p': identifier not found
c:\program files (x86)\arduino\hardware\teensy\cores\teensy3\core_pins.h(781): error C2059: syntax error : '<cv-qualifer>'
c:\program files (x86)\arduino\hardware\tools\arm-none-eabi\lib\gcc\arm-none-eabi\4.7.2\include\stdarg.h(40): error C4430: missing type specifier - int assumed. Note: C++ does not support default-int
c:\program files (x86)\arduino\hardware\teensy\cores\teensy3\wstring.h(67): error C2614: 'String' : illegal member initialization: 'String' is not a base or member
c:\program files (x86)\arduino\hardware\teensy\cores\teensy3\wstring.h(76): error C2660: 'strlen' : function does not take 1 arguments
c:\program files (x86)\arduino\hardware\teensy\cores\teensy3\wstring.h(90): error C2660: 'strlen' : function does not take 1 arguments
c:\program files (x86)\arduino\hardware\teensy\cores\teensy3\print.h(54): error C2660: 'strlen' : function does not take 1 arguments
c:\program files (x86)\arduino\hardware\teensy\cores\teensy3\hardwareserial.h(165): error C2660: 'strlen' : function does not take 1 arguments
c:\program files (x86)\arduino\hardware\teensy\cores\teensy3\hardwareserial.h(192): error C2660: 'strlen' : function does not take 1 arguments
c:\program files (x86)\arduino\hardware\teensy\cores\teensy3\hardwareserial.h(219): error C2660: 'strlen' : function does not take 1 arguments
c:\program files (x86)\arduino\hardware\teensy\cores\teensy3\avr_emulation.h(1129): error C2059: syntax error : '<cv-qualifer>'
c:\program files (x86)\arduino\hardware\teensy\cores\teensy3\avr_emulation.h(1129): error C2589: ')' : illegal token on right side of '::'
c:\program files (x86)\arduino\hardware\teensy\cores\teensy3\avr_emulation.h(1135): error C2059: syntax error : '<cv-qualifer>'
c:\program files (x86)\arduino\hardware\teensy\cores\teensy3\avr_emulation.h(1137): error C2059: syntax error : '<cv-qualifer>'
c:\program files (x86)\arduino\hardware\teensy\cores\teensy3\usb_serial.h(83): warning C4244: 'initializing' : conversion from 'uint32_t' to 'uint8_t', possible loss of data
c:\program files (x86)\arduino\hardware\teensy\cores\teensy3\usb_serial.h(84): warning C4244: 'return' : conversion from 'uint32_t' to 'uint8_t', possible loss of data
c:\program files (x86)\arduino\hardware\teensy\cores\teensy3\usb_serial.h(85): warning C4244: 'return' : conversion from 'uint32_t' to 'uint8_t', possible loss of data
c:\program files (x86)\arduino\hardware\teensy\cores\teensy3\intervaltimer.h(37): warning C4244: 'initializing' : conversion from 'double' to 'const uint32_t', possible loss of data
c:\program files (x86)\arduino\hardware\teensy\cores\teensy3\intervaltimer.h(72): warning C4244: 'initializing' : conversion from 'double' to 'uint32_t', possible loss of data
c:\users\alsaibie\documents\0a academic\rescue robot\2014\software\libraries\rr_commondefines\rr_commondefines.h(31): warning C4005: 'PI' : macro redefinition
          c:\program files (x86)\arduino\hardware\teensy\cores\teensy3\wiring.h(42) : see previous definition of 'PI'
c:\users\alsaibie\documents\0a academic\rescue robot\2014\software\libraries\encoder\encoder.h(106): error C2059: syntax error : '<cv-qualifer>'
c:\users\alsaibie\documents\0a academic\rescue robot\2014\software\libraries\encoder\encoder.h(109): error C2059: syntax error : '<cv-qualifer>'
c:\users\alsaibie\documents\0a academic\rescue robot\2014\software\libraries\encoder\encoder.h(112): error C2059: syntax error : '<cv-qualifer>'
c:\users\alsaibie\documents\0a academic\rescue robot\2014\software\libraries\encoder\encoder.h(116): error C2059: syntax error : '<cv-qualifer>'
c:\users\alsaibie\documents\0a academic\rescue robot\2014\software\libraries\encoder\encoder.h(118): error C2059: syntax error : '<cv-qualifer>'
c:\users\alsaibie\documents\0a academic\rescue robot\2014\software\libraries\encoder\encoder.h(194): error C2059: syntax error : '<cv-qualifer>'
c:\users\alsaibie\documents\0a academic\rescue robot\2014\software\libraries\freertos_arm\freertos_arm.h(9): fatal error C1189: #error :  ARM Due or Teensy 3.0 required
